  [ 1/50] der_multihop_001: no_grounding_found (0 edges, 4 kb_live_neighbors calls)
  [ 2/50] der_multihop_002: no_grounding_found (20 edges, 2 kb_live_neighbors calls)
  [ 3/50] der_multihop_003: no_grounding_found (1 edges, 4 kb_live_neighbors calls)
  [ 4/50] der_multihop_004: no_grounding_found (20 edges, 2 kb_live_neighbors calls)
  [ 5/50] der_multihop_005: no_grounding_found (0 edges, 1 kb_live_neighbors calls)
  [ 6/50] der_multihop_006: no_grounding_found (0 edges, 0 kb_live_neighbors calls)
  [ 7/50] der_multihop_007: no_grounding_found (0 edges, 0 kb_live_neighbors calls)
  [ 8/50] der_multihop_008: no_grounding_found (0 edges, 0 kb_live_neighbors calls)
  [ 9/50] der_multihop_009: no_grounding_found (0 edges, 0 kb_live_neighbors calls)
  [10/50] der_multihop_010: no_grounding_found (0 edges, 0 kb_live_neighbors calls)
  [11/50] der_multihop_011: no_grounding_found (0 edges, 0 kb_live_neighbors calls)
  [12/50] der_multihop_012: no_grounding_found (20 edges, 1 kb_live_neighbors calls)
  [13/50] der_cross_001: no_grounding_found (0 edges, 0 kb_live_neighbors calls)
  [14/50] der_cross_002: no_grounding_found (0 edges, 0 kb_live_neighbors calls)
  [15/50] der_cross_003: no_grounding_found (1 edges, 2 kb_live_neighbors calls)
  [16/50] der_cross_004: no_grounding_found (2 edges, 2 kb_live_neighbors calls)
  [17/50] der_cross_005: no_grounding_found (0 edges, 4 kb_live_neighbors calls)
  [18/50] der_cross_006: verified (1 edges, 0 kb_live_neighbors calls)
  [19/50] der_cross_007: contradicted (1 edges, 0 kb_live_neighbors calls)
  [20/50] der_cross_008: no_grounding_found (0 edges, 0 kb_live_neighbors calls)
  [21/50] der_cross_009: no_grounding_found (0 edges, 0 kb_live_neighbors calls)
  [22/50] der_cross_010: no_grounding_found (1 edges, 1 kb_live_neighbors calls)
  [23/50] der_disambiguation_001: no_grounding_found (0 edges, 0 kb_live_neighbors calls)
  [24/50] der_disambiguation_002: no_grounding_found (0 edges, 0 kb_live_neighbors calls)
  [25/50] der_disambiguation_003: no_grounding_found (20 edges, 1 kb_live_neighbors calls)
  [26/50] der_disambiguation_004: no_grounding_found (4 edges, 2 kb_live_neighbors calls)
  [27/50] der_disambiguation_005: no_grounding_found (4 edges, 2 kb_live_neighbors calls)
  [28/50] der_disambiguation_006: no_grounding_found (0 edges, 0 kb_live_neighbors calls)
  [29/50] der_disambiguation_007: verified (1 edges, 0 kb_live_neighbors calls)
  [30/50] der_disambiguation_008: no_grounding_found (20 edges, 2 kb_live_neighbors calls)
  [31/50] der_predicate_translation_001: no_grounding_found (0 edges, 0 kb_live_neighbors calls)
  [32/50] der_predicate_translation_002: no_grounding_found (0 edges, 0 kb_live_neighbors calls)
  [33/50] der_predicate_translation_003: no_grounding_found (0 edges, 0 kb_live_neighbors calls)
  [34/50] der_predicate_translation_004: no_grounding_found (1 edges, 2 kb_live_neighbors calls)
  [35/50] der_predicate_translation_005: no_grounding_found (1 edges, 1 kb_live_neighbors calls)
  [36/50] der_predicate_translation_006: no_grounding_found (0 edges, 0 kb_live_neighbors calls)
  [37/50] der_predicate_translation_007: no_grounding_found (0 edges, 0 kb_live_neighbors calls)
  [38/50] der_predicate_translation_008: verified (1 edges, 0 kb_live_neighbors calls)
  [39/50] der_revision_001: no_grounding_found (0 edges, 0 kb_live_neighbors calls)
  [40/50] der_revision_002: no_grounding_found (0 edges, 0 kb_live_neighbors calls)
  [41/50] der_revision_003: no_grounding_found (0 edges, 0 kb_live_neighbors calls)
  [42/50] der_revision_004: no_grounding_found (2 edges, 2 kb_live_neighbors calls)
  [43/50] der_revision_005: no_grounding_found (2 edges, 4 kb_live_neighbors calls)
  [44/50] der_revision_006: no_grounding_found (0 edges, 0 kb_live_neighbors calls)
  [45/50] der_abstain_001: None (0 edges, 0 kb_live_neighbors calls)
  [46/50] der_abstain_002: no_grounding_found (5 edges, 2 kb_live_neighbors calls)
  [47/50] der_abstain_003: no_grounding_found (3 edges, 1 kb_live_neighbors calls)
  [48/50] der_abstain_004: no_grounding_found (1 edges, 2 kb_live_neighbors calls)
  [49/50] der_abstain_005: None (0 edges, 0 kb_live_neighbors calls)
  [50/50] der_abstain_006: no_grounding_found (0 edges, 0 kb_live_neighbors calls)

Wrote C:\code\aedos\docs\phase_H\d5_diagnostic.json
Accuracy: 32.0%  (16/50)
Total kb_live_neighbors events: 44
Cases where _live_neighbors was called: 21
Cases with kb_neighbor_enumeration edge in trace: 18
Total kb_neighbor_enumeration edges across all walks: 128
Audit events that returned >0 neighbors: 24 / 44
Per-property calls returning neighbors: {'P31': 16, 'P279': 2, 'P361': 2, 'P131': 6, 'P17': 1}
